<?xml version="1.0" encoding="UTF-8"?>
<!-- Generated by org.testng.reporters.JUnitXMLReporter -->
<testsuite ignored="0" hostname="Ravi-Gayu" failures="0" tests="3" name="chromeTest" time="26.293" errors="0" timestamp="2024-07-30T22:23:14 IST">
  <testcase classname="com.testng.parameterization.ParamTest" name="testLogo" time="2.166"/>
  <testcase classname="com.testng.parameterization.ParamTest" name="testTitle" time="0.063"/>
  <testcase classname="com.testng.parameterization.ParamTest" name="testURL" time="0.095"/>
</testsuite> <!-- chromeTest -->
