<?xml version="1.0" encoding="UTF-8"?>
<!-- Generated by org.testng.reporters.JUnitXMLReporter -->
<testsuite ignored="0" hostname="Ravi-Gayu" failures="0" tests="3" name="edgeTest" time="36.215" errors="0" timestamp="2024-07-30T22:23:24 IST">
  <testcase classname="com.testng.parameterization.ParamTest" name="testLogo" time="1.453"/>
  <testcase classname="com.testng.parameterization.ParamTest" name="testTitle" time="0.036"/>
  <testcase classname="com.testng.parameterization.ParamTest" name="testURL" time="0.031"/>
</testsuite> <!-- edgeTest -->
