<?xml version="1.0" encoding="UTF-8"?>
<!-- Generated by org.testng.reporters.JUnitXMLReporter -->
<testsuite ignored="0" hostname="Ravi-Gayu" failures="0" tests="3" name="operaTest" time="0.055" errors="0" timestamp="2024-07-30T22:03:17 IST">
  <testcase classname="com.testng.parameterization.ParamTest" name="@BeforeClass setup" time="0.005">
    <failure type="java.lang.AbstractMethodError" message="Missing implementation of resolved method &amp;apos;abstract void loadSystemProperties()&amp;apos; of abstract class org.openqa.selenium.remote.service.DriverService$Builder.">
      <![CDATA[java.lang.AbstractMethodError: Missing implementation of resolved method 'abstract void loadSystemProperties()' of abstract class org.openqa.selenium.remote.service.DriverService$Builder.
at org.openqa.selenium.remote.service.DriverService$Builder.build(DriverService.java:509)
at org.openqa.selenium.opera.OperaDriverService.createDefaultService(OperaDriverService.java:102)
at org.openqa.selenium.opera.OperaDriver.<init>(OperaDriver.java:76)
at com.testng.parameterization.ParamTest.setup(ParamTest.java:37)
at java.base/java.util.ArrayList.forEach(ArrayList.java:1596)
... Removed 23 stack frames]]>
    </failure>
  </testcase> <!-- @BeforeClass setup -->
  <testcase classname="com.testng.parameterization.ParamTest" name="@AfterClass tearDown" time="-1.722357197361E9">
    <skipped/>
  </testcase> <!-- @AfterClass tearDown -->
  <testcase classname="com.testng.parameterization.ParamTest" name="testLogo" time="0.0">
    <skipped/>
  </testcase> <!-- testLogo -->
  <testcase classname="com.testng.parameterization.ParamTest" name="testTitle" time="0.0">
    <skipped/>
  </testcase> <!-- testTitle -->
  <testcase classname="com.testng.parameterization.ParamTest" name="testURL" time="0.0">
    <skipped/>
  </testcase> <!-- testURL -->
</testsuite> <!-- operaTest -->
