<?xml version="1.0" encoding="UTF-8"?>
<!-- Generated by org.testng.reporters.JUnitXMLReporter -->
<testsuite ignored="0" hostname="Ravi-Gayu" failures="0" tests="3" name="ParameterTest" time="33.779" errors="0" timestamp="2024-07-30T21:51:12 IST">
  <testcase classname="com.testng.parameterization.ParamTest" name="testLogo" time="1.517"/>
  <testcase classname="com.testng.parameterization.ParamTest" name="testTitle" time="0.033"/>
  <testcase classname="com.testng.parameterization.ParamTest" name="testURL" time="0.029"/>
</testsuite> <!-- ParameterTest -->
