<?xml version="1.0" encoding="UTF-8"?>
<!-- Generated by org.testng.reporters.JUnitXMLReporter -->
<testsuite ignored="0" hostname="Ravi-Gayu" failures="0" tests="3" name="XML Level Test2" time="0.062" errors="0" timestamp="2024-07-30T12:40:21 IST">
  <testcase classname="com.testng.annotation.AnnotationXMLlevelDemo1" name="Method1" time="0.007"/>
  <testcase classname="com.testng.annotation.AnnotationXMLlevelDemo2" name="Method2" time="0.012"/>
  <testcase classname="com.testng.annotation.AnnotationXMLlevelDemo3" name="Mehtod3" time="0.009"/>
</testsuite> <!-- XML Level Test2 -->
