<?xml version="1.0" encoding="UTF-8"?>
<!-- Generated by org.testng.reporters.JUnitXMLReporter -->
<testsuite ignored="0" hostname="Ravi-Gayu" failures="0" tests="4" name="OrangeHRMLoginTest" time="26.381" errors="0" timestamp="2024-07-30T10:28:35 IST">
  <testcase classname="com.testng.intro.OrangeHRMTest" name="openApp" time="16.834"/>
  <testcase classname="com.testng.intro.OrangeHRMTest" name="testLogo" time="0.958"/>
  <testcase classname="com.testng.intro.OrangeHRMTest" name="login" time="3.099"/>
  <testcase classname="com.testng.intro.OrangeHRMTest" name="logout" time="5.348"/>
</testsuite> <!-- OrangeHRMLoginTest -->
