<?xml version="1.0" encoding="UTF-8"?>
<!-- Generated by org.testng.reporters.JUnitXMLReporter -->
<testsuite ignored="6" hostname="Ravi-Gayu" failures="0" tests="2" name="GroupingTest" time="0.155" errors="0" timestamp="2024-07-30T18:10:21 IST">
  <testcase classname="com.testng.dependency.GroupDependency3" name="paymentInRupees" time="0.032"/>
  <testcase classname="com.testng.dependency.GroupDependency3" name="paymentInDollors" time="0.004"/>
  <testcase classname="com.testng.dependency.GroupDependency2" name="signupByEmail" time="0.0">
    <ignored/>
  </testcase> <!-- signupByEmail -->
  <testcase classname="com.testng.dependency.GroupDependency2" name="signupByFacebook" time="0.0">
    <ignored/>
  </testcase> <!-- signupByFacebook -->
  <testcase classname="com.testng.dependency.GroupDependency2" name="signupByX" time="0.0">
    <ignored/>
  </testcase> <!-- signupByX -->
  <testcase classname="com.testng.dependency.GroupDependency1" name="loginByEmail" time="0.0">
    <ignored/>
  </testcase> <!-- loginByEmail -->
  <testcase classname="com.testng.dependency.GroupDependency1" name="loginByFacebook" time="0.0">
    <ignored/>
  </testcase> <!-- loginByFacebook -->
  <testcase classname="com.testng.dependency.GroupDependency1" name="loginByX" time="0.0">
    <ignored/>
  </testcase> <!-- loginByX -->
</testsuite> <!-- GroupingTest -->
