<?xml version="1.0" encoding="UTF-8"?>
<testng-results ignored="0" total="1" passed="1" failed="0" skipped="0">
  <reporter-output>
  </reporter-output>
  <suite started-at="2024-07-31T21:28:34 IST" name="OrangeHRMPOMSuite" finished-at="2024-07-31T21:29:06 IST" duration-ms="32649">
    <groups>
    </groups>
    <test started-at="2024-07-31T21:28:34 IST" name="OrangeHRMPOMTest" finished-at="2024-07-31T21:29:06 IST" duration-ms="32649">
      <class name="com.pageobjectmodel.OrangeHRMLoginTestCase">
        <test-method is-config="true" signature="setup()[pri:0, instance:com.pageobjectmodel.OrangeHRMLoginTestCase@79924b]" started-at="2024-07-31T21:28:34 IST" name="setup" finished-at="2024-07-31T21:29:00 IST" duration-ms="26612" status="PASS">
          <reporter-output>
          </reporter-output>
        </test-method> <!-- setup -->
        <test-method signature="testLogin()[pri:0, instance:com.pageobjectmodel.OrangeHRMLoginTestCase@79924b]" started-at="2024-07-31T21:29:00 IST" name="testLogin" finished-at="2024-07-31T21:29:05 IST" duration-ms="4195" status="PASS">
          <reporter-output>
          </reporter-output>
        </test-method> <!-- testLogin -->
        <test-method is-config="true" signature="tearDown()[pri:0, instance:com.pageobjectmodel.OrangeHRMLoginTestCase@79924b]" started-at="2024-07-31T21:29:05 IST" name="tearDown" finished-at="2024-07-31T21:29:06 IST" duration-ms="1679" status="PASS">
          <reporter-output>
          </reporter-output>
        </test-method> <!-- tearDown -->
      </class> <!-- com.pageobjectmodel.OrangeHRMLoginTestCase -->
    </test> <!-- OrangeHRMPOMTest -->
  </suite> <!-- OrangeHRMPOMSuite -->
</testng-results>
